Cooperation Complex for Metric CooperationMetric[org.bm.blaise.scio.graph.metrics.AdditiveSubsetMetric@157f0dc] and graph 0 1 1 0 0 
1 0 1 0 0 
1 1 0 0 0 
0 0 0 0 1 
0 0 0 1 0 

Subset ; Subset Size ; Altruism ; Selfish ; All Participate/Assess ; All Participate/Partial Assess ; Partial Participate/Assess
[] ; 0 ; 0.000 ; 0.000 ; 8.000 ; 8.000 ; 8.000
[1] ; 1 ; 2.000 ; 2.000 ; 8.000 ; 6.000 ; 4.000
[2] ; 1 ; 2.000 ; 2.000 ; 8.000 ; 6.000 ; 4.000
[3] ; 1 ; 2.000 ; 2.000 ; 8.000 ; 6.000 ; 4.000
[4] ; 1 ; 1.000 ; 1.000 ; 8.000 ; 7.000 ; 6.000
[5] ; 1 ; 1.000 ; 1.000 ; 8.000 ; 7.000 ; 6.000
[1, 2] ; 2 ; 2.000 ; 4.000 ; 8.000 ; 4.000 ; 2.000
[1, 3] ; 2 ; 2.000 ; 4.000 ; 8.000 ; 4.000 ; 2.000
[1, 4] ; 2 ; 3.000 ; 3.000 ; 8.000 ; 5.000 ; 2.000
[1, 5] ; 2 ; 3.000 ; 3.000 ; 8.000 ; 5.000 ; 2.000
[2, 3] ; 2 ; 2.000 ; 4.000 ; 8.000 ; 4.000 ; 2.000
[2, 4] ; 2 ; 3.000 ; 3.000 ; 8.000 ; 5.000 ; 2.000
[2, 5] ; 2 ; 3.000 ; 3.000 ; 8.000 ; 5.000 ; 2.000
[3, 4] ; 2 ; 3.000 ; 3.000 ; 8.000 ; 5.000 ; 2.000
[3, 5] ; 2 ; 3.000 ; 3.000 ; 8.000 ; 5.000 ; 2.000
[4, 5] ; 2 ; 0.000 ; 2.000 ; 8.000 ; 6.000 ; 6.000
[1, 2, 3] ; 3 ; 0.000 ; 6.000 ; 8.000 ; 2.000 ; 2.000
[1, 2, 4] ; 3 ; 3.000 ; 5.000 ; 8.000 ; 3.000 ; 0.000
[1, 2, 5] ; 3 ; 3.000 ; 5.000 ; 8.000 ; 3.000 ; 0.000
[1, 3, 4] ; 3 ; 3.000 ; 5.000 ; 8.000 ; 3.000 ; 0.000
[1, 3, 5] ; 3 ; 3.000 ; 5.000 ; 8.000 ; 3.000 ; 0.000
[1, 4, 5] ; 3 ; 2.000 ; 4.000 ; 8.000 ; 4.000 ; 2.000
[2, 3, 4] ; 3 ; 3.000 ; 5.000 ; 8.000 ; 3.000 ; 0.000
[2, 3, 5] ; 3 ; 3.000 ; 5.000 ; 8.000 ; 3.000 ; 0.000
[2, 4, 5] ; 3 ; 2.000 ; 4.000 ; 8.000 ; 4.000 ; 2.000
[3, 4, 5] ; 3 ; 2.000 ; 4.000 ; 8.000 ; 4.000 ; 2.000
[1, 2, 3, 4] ; 4 ; 1.000 ; 7.000 ; 8.000 ; 1.000 ; 0.000
[1, 2, 3, 5] ; 4 ; 1.000 ; 7.000 ; 8.000 ; 1.000 ; 0.000
[1, 2, 4, 5] ; 4 ; 2.000 ; 6.000 ; 8.000 ; 2.000 ; 0.000
[1, 3, 4, 5] ; 4 ; 2.000 ; 6.000 ; 8.000 ; 2.000 ; 0.000
[2, 3, 4, 5] ; 4 ; 2.000 ; 6.000 ; 8.000 ; 2.000 ; 0.000
[1, 2, 3, 4, 5] ; 5 ; 0.000 ; 8.000 ; 8.000 ; 0.000 ; 0.000
Cooperation Complex for Metric CooperationMetric[org.bm.blaise.scio.graph.metrics.ContractiveSubsetMetric@a59698] and graph 0 1 1 0 0 
1 0 1 0 0 
1 1 0 0 0 
0 0 0 0 1 
0 0 0 1 0 

Subset ; Subset Size ; Altruism ; Selfish ; All Participate/Assess ; All Participate/Partial Assess ; Partial Participate/Assess
[] ; 0 ; 0.000 ; 0.000 ; 2.000 ; 2.000 ; 2.000
[1] ; 1 ; 2.000 ; -2.000 ; 2.000 ; 4.000 ; 2.000
[2] ; 1 ; 2.000 ; -2.000 ; 2.000 ; 4.000 ; 2.000
[3] ; 1 ; 2.000 ; -2.000 ; 2.000 ; 4.000 ; 2.000
[4] ; 1 ; 1.000 ; -1.000 ; 2.000 ; 3.000 ; 2.000
[5] ; 1 ; 1.000 ; -1.000 ; 2.000 ; 3.000 ; 2.000
[1, 2] ; 2 ; 2.000 ; -2.000 ; 2.000 ; 4.000 ; 2.000
[1, 3] ; 2 ; 2.000 ; -2.000 ; 2.000 ; 4.000 ; 2.000
[1, 4] ; 2 ; 3.000 ; -3.000 ; 2.000 ; 5.000 ; 2.000
[1, 5] ; 2 ; 3.000 ; -3.000 ; 2.000 ; 5.000 ; 2.000
[2, 3] ; 2 ; 2.000 ; -2.000 ; 2.000 ; 4.000 ; 2.000
[2, 4] ; 2 ; 3.000 ; -3.000 ; 2.000 ; 5.000 ; 2.000
[2, 5] ; 2 ; 3.000 ; -3.000 ; 2.000 ; 5.000 ; 2.000
[3, 4] ; 2 ; 3.000 ; -3.000 ; 2.000 ; 5.000 ; 2.000
[3, 5] ; 2 ; 3.000 ; -3.000 ; 2.000 ; 5.000 ; 2.000
[4, 5] ; 2 ; 0.000 ; 0.000 ; 2.000 ; 2.000 ; 2.000
[1, 2, 3] ; 3 ; 0.000 ; 0.000 ; 2.000 ; 2.000 ; 2.000
[1, 2, 4] ; 3 ; 3.000 ; -1.000 ; 2.000 ; 3.000 ; 0.000
[1, 2, 5] ; 3 ; 3.000 ; -1.000 ; 2.000 ; 3.000 ; 0.000
[1, 3, 4] ; 3 ; 3.000 ; -1.000 ; 2.000 ; 3.000 ; 0.000
[1, 3, 5] ; 3 ; 3.000 ; -1.000 ; 2.000 ; 3.000 ; 0.000
[1, 4, 5] ; 3 ; 2.000 ; -2.000 ; 2.000 ; 4.000 ; 2.000
[2, 3, 4] ; 3 ; 3.000 ; -1.000 ; 2.000 ; 3.000 ; 0.000
[2, 3, 5] ; 3 ; 3.000 ; -1.000 ; 2.000 ; 3.000 ; 0.000
[2, 4, 5] ; 3 ; 2.000 ; -2.000 ; 2.000 ; 4.000 ; 2.000
[3, 4, 5] ; 3 ; 2.000 ; -2.000 ; 2.000 ; 4.000 ; 2.000
[1, 2, 3, 4] ; 4 ; 1.000 ; 1.000 ; 2.000 ; 1.000 ; 0.000
[1, 2, 3, 5] ; 4 ; 1.000 ; 1.000 ; 2.000 ; 1.000 ; 0.000
[1, 2, 4, 5] ; 4 ; 2.000 ; 0.000 ; 2.000 ; 2.000 ; 0.000
[1, 3, 4, 5] ; 4 ; 2.000 ; 0.000 ; 2.000 ; 2.000 ; 0.000
[2, 3, 4, 5] ; 4 ; 2.000 ; 0.000 ; 2.000 ; 2.000 ; 0.000
[1, 2, 3, 4, 5] ; 5 ; 0.000 ; 2.000 ; 2.000 ; 0.000 ; 0.000
Cooperation Complex for Metric CooperationMetric[org.bm.blaise.scio.graph.metrics.AdditiveSubsetMetric@16a55fa] and graph 0 1 1 0 0 
1 0 1 0 0 
1 1 0 0 0 
0 0 0 0 1 
0 0 0 1 0 

Subset ; Subset Size ; Altruism ; Selfish ; All Participate/Assess ; All Participate/Partial Assess ; Partial Participate/Assess
[] ; 0 ; 0.000 ; 0.000 ; 4.000 ; 4.000 ; 4.000
[1] ; 1 ; 1.000 ; 1.000 ; 4.000 ; 3.000 ; 2.000
[2] ; 1 ; 1.000 ; 1.000 ; 4.000 ; 3.000 ; 2.000
[3] ; 1 ; 1.000 ; 1.000 ; 4.000 ; 3.000 ; 2.000
[4] ; 1 ; 0.500 ; 0.500 ; 4.000 ; 3.500 ; 3.000
[5] ; 1 ; 0.500 ; 0.500 ; 4.000 ; 3.500 ; 3.000
[1, 2] ; 2 ; 1.000 ; 2.000 ; 4.000 ; 2.000 ; 1.000
[1, 3] ; 2 ; 1.000 ; 2.000 ; 4.000 ; 2.000 ; 1.000
[1, 4] ; 2 ; 1.500 ; 1.500 ; 4.000 ; 2.500 ; 1.000
[1, 5] ; 2 ; 1.500 ; 1.500 ; 4.000 ; 2.500 ; 1.000
[2, 3] ; 2 ; 1.000 ; 2.000 ; 4.000 ; 2.000 ; 1.000
[2, 4] ; 2 ; 1.500 ; 1.500 ; 4.000 ; 2.500 ; 1.000
[2, 5] ; 2 ; 1.500 ; 1.500 ; 4.000 ; 2.500 ; 1.000
[3, 4] ; 2 ; 1.500 ; 1.500 ; 4.000 ; 2.500 ; 1.000
[3, 5] ; 2 ; 1.500 ; 1.500 ; 4.000 ; 2.500 ; 1.000
[4, 5] ; 2 ; 0.000 ; 1.000 ; 4.000 ; 3.000 ; 3.000
[1, 2, 3] ; 3 ; 0.000 ; 3.000 ; 4.000 ; 1.000 ; 1.000
[1, 2, 4] ; 3 ; 1.500 ; 2.500 ; 4.000 ; 1.500 ; 0.000
[1, 2, 5] ; 3 ; 1.500 ; 2.500 ; 4.000 ; 1.500 ; 0.000
[1, 3, 4] ; 3 ; 1.500 ; 2.500 ; 4.000 ; 1.500 ; 0.000
[1, 3, 5] ; 3 ; 1.500 ; 2.500 ; 4.000 ; 1.500 ; 0.000
[1, 4, 5] ; 3 ; 1.000 ; 2.000 ; 4.000 ; 2.000 ; 1.000
[2, 3, 4] ; 3 ; 1.500 ; 2.500 ; 4.000 ; 1.500 ; 0.000
[2, 3, 5] ; 3 ; 1.500 ; 2.500 ; 4.000 ; 1.500 ; 0.000
[2, 4, 5] ; 3 ; 1.000 ; 2.000 ; 4.000 ; 2.000 ; 1.000
[3, 4, 5] ; 3 ; 1.000 ; 2.000 ; 4.000 ; 2.000 ; 1.000
[1, 2, 3, 4] ; 4 ; 0.500 ; 3.500 ; 4.000 ; 0.500 ; 0.000
[1, 2, 3, 5] ; 4 ; 0.500 ; 3.500 ; 4.000 ; 0.500 ; 0.000
[1, 2, 4, 5] ; 4 ; 1.000 ; 3.000 ; 4.000 ; 1.000 ; 0.000
[1, 3, 4, 5] ; 4 ; 1.000 ; 3.000 ; 4.000 ; 1.000 ; 0.000
[2, 3, 4, 5] ; 4 ; 1.000 ; 3.000 ; 4.000 ; 1.000 ; 0.000
[1, 2, 3, 4, 5] ; 5 ; 0.000 ; 4.000 ; 4.000 ; 0.000 ; 0.000
Cooperation Complex for Metric CooperationMetric[org.bm.blaise.scio.graph.metrics.ContractiveSubsetMetric@109a4c] and graph 0 1 1 0 0 
1 0 1 0 0 
1 1 0 0 0 
0 0 0 0 1 
0 0 0 1 0 

Subset ; Subset Size ; Altruism ; Selfish ; All Participate/Assess ; All Participate/Partial Assess ; Partial Participate/Assess
[] ; 0 ; 0.000 ; 0.000 ; 0.000 ; 0.000 ; 0.000
[1] ; 1 ; 0.500 ; -0.500 ; 0.000 ; 0.500 ; 0.000
[2] ; 1 ; 0.500 ; -0.500 ; 0.000 ; 0.500 ; 0.000
[3] ; 1 ; 0.500 ; -0.500 ; 0.000 ; 0.500 ; 0.000
[4] ; 1 ; 0.500 ; -0.500 ; 0.000 ; 0.500 ; 0.000
[5] ; 1 ; 0.500 ; -0.500 ; 0.000 ; 0.500 ; 0.000
[1, 2] ; 2 ; 1.000 ; -1.000 ; 0.000 ; 1.000 ; 0.000
[1, 3] ; 2 ; 1.000 ; -1.000 ; 0.000 ; 1.000 ; 0.000
[1, 4] ; 2 ; 1.000 ; -1.000 ; 0.000 ; 1.000 ; 0.000
[1, 5] ; 2 ; 1.000 ; -1.000 ; 0.000 ; 1.000 ; 0.000
[2, 3] ; 2 ; 1.000 ; -1.000 ; 0.000 ; 1.000 ; 0.000
[2, 4] ; 2 ; 1.000 ; -1.000 ; 0.000 ; 1.000 ; 0.000
[2, 5] ; 2 ; 1.000 ; -1.000 ; 0.000 ; 1.000 ; 0.000
[3, 4] ; 2 ; 1.000 ; -1.000 ; 0.000 ; 1.000 ; 0.000
[3, 5] ; 2 ; 1.000 ; -1.000 ; 0.000 ; 1.000 ; 0.000
[4, 5] ; 2 ; 0.000 ; 0.000 ; 0.000 ; 0.000 ; 0.000
[1, 2, 3] ; 3 ; 0.000 ; 0.000 ; 0.000 ; 0.000 ; 0.000
[1, 2, 4] ; 3 ; 1.500 ; -1.500 ; 0.000 ; 1.500 ; 0.000
[1, 2, 5] ; 3 ; 1.500 ; -1.500 ; 0.000 ; 1.500 ; 0.000
[1, 3, 4] ; 3 ; 1.500 ; -1.500 ; 0.000 ; 1.500 ; 0.000
[1, 3, 5] ; 3 ; 1.500 ; -1.500 ; 0.000 ; 1.500 ; 0.000
[1, 4, 5] ; 3 ; 0.500 ; -0.500 ; 0.000 ; 0.500 ; 0.000
[2, 3, 4] ; 3 ; 1.500 ; -1.500 ; 0.000 ; 1.500 ; 0.000
[2, 3, 5] ; 3 ; 1.500 ; -1.500 ; 0.000 ; 1.500 ; 0.000
[2, 4, 5] ; 3 ; 0.500 ; -0.500 ; 0.000 ; 0.500 ; 0.000
[3, 4, 5] ; 3 ; 0.500 ; -0.500 ; 0.000 ; 0.500 ; 0.000
[1, 2, 3, 4] ; 4 ; 0.500 ; -0.500 ; 0.000 ; 0.500 ; 0.000
[1, 2, 3, 5] ; 4 ; 0.500 ; -0.500 ; 0.000 ; 0.500 ; 0.000
[1, 2, 4, 5] ; 4 ; 1.000 ; -1.000 ; 0.000 ; 1.000 ; 0.000
[1, 3, 4, 5] ; 4 ; 1.000 ; -1.000 ; 0.000 ; 1.000 ; 0.000
[2, 3, 4, 5] ; 4 ; 1.000 ; -1.000 ; 0.000 ; 1.000 ; 0.000
[1, 2, 3, 4, 5] ; 5 ; 0.000 ; 0.000 ; 0.000 ; 0.000 ; 0.000
Cooperation Complex for Metric CooperationMetric[org.bm.blaise.scio.graph.metrics.ContractiveSubsetMetric@201f9] and graph 0 1 1 0 0 
1 0 1 0 0 
1 1 0 0 0 
0 0 0 0 1 
0 0 0 1 0 

Subset ; Subset Size ; Altruism ; Selfish ; All Participate/Assess ; All Participate/Partial Assess ; Partial Participate/Assess
[] ; 0 ; 0.000 ; 0.000 ; 5.000 ; 5.000 ; 5.000
[1] ; 1 ; 0.500 ; 0.500 ; 5.000 ; 4.500 ; 4.000
[2] ; 1 ; 0.500 ; 0.500 ; 5.000 ; 4.500 ; 4.000
[3] ; 1 ; 0.500 ; 0.500 ; 5.000 ; 4.500 ; 4.000
[4] ; 1 ; 0.500 ; 0.500 ; 5.000 ; 4.500 ; 4.000
[5] ; 1 ; 0.500 ; 0.500 ; 5.000 ; 4.500 ; 4.000
[1, 2] ; 2 ; 1.000 ; 1.000 ; 5.000 ; 4.000 ; 3.000
[1, 3] ; 2 ; 1.000 ; 1.000 ; 5.000 ; 4.000 ; 3.000
[1, 4] ; 2 ; 1.000 ; 1.000 ; 5.000 ; 4.000 ; 3.000
[1, 5] ; 2 ; 1.000 ; 1.000 ; 5.000 ; 4.000 ; 3.000
[2, 3] ; 2 ; 1.000 ; 1.000 ; 5.000 ; 4.000 ; 3.000
[2, 4] ; 2 ; 1.000 ; 1.000 ; 5.000 ; 4.000 ; 3.000
[2, 5] ; 2 ; 1.000 ; 1.000 ; 5.000 ; 4.000 ; 3.000
[3, 4] ; 2 ; 1.000 ; 1.000 ; 5.000 ; 4.000 ; 3.000
[3, 5] ; 2 ; 1.000 ; 1.000 ; 5.000 ; 4.000 ; 3.000
[4, 5] ; 2 ; 0.000 ; 2.000 ; 5.000 ; 3.000 ; 3.000
[1, 2, 3] ; 3 ; 0.000 ; 3.000 ; 5.000 ; 2.000 ; 2.000
[1, 2, 4] ; 3 ; 1.500 ; 1.500 ; 5.000 ; 3.500 ; 2.000
[1, 2, 5] ; 3 ; 1.500 ; 1.500 ; 5.000 ; 3.500 ; 2.000
[1, 3, 4] ; 3 ; 1.500 ; 1.500 ; 5.000 ; 3.500 ; 2.000
[1, 3, 5] ; 3 ; 1.500 ; 1.500 ; 5.000 ; 3.500 ; 2.000
[1, 4, 5] ; 3 ; 0.500 ; 2.500 ; 5.000 ; 2.500 ; 2.000
[2, 3, 4] ; 3 ; 1.500 ; 1.500 ; 5.000 ; 3.500 ; 2.000
[2, 3, 5] ; 3 ; 1.500 ; 1.500 ; 5.000 ; 3.500 ; 2.000
[2, 4, 5] ; 3 ; 0.500 ; 2.500 ; 5.000 ; 2.500 ; 2.000
[3, 4, 5] ; 3 ; 0.500 ; 2.500 ; 5.000 ; 2.500 ; 2.000
[1, 2, 3, 4] ; 4 ; 0.500 ; 3.500 ; 5.000 ; 1.500 ; 1.000
[1, 2, 3, 5] ; 4 ; 0.500 ; 3.500 ; 5.000 ; 1.500 ; 1.000
[1, 2, 4, 5] ; 4 ; 1.000 ; 3.000 ; 5.000 ; 2.000 ; 1.000
[1, 3, 4, 5] ; 4 ; 1.000 ; 3.000 ; 5.000 ; 2.000 ; 1.000
[2, 3, 4, 5] ; 4 ; 1.000 ; 3.000 ; 5.000 ; 2.000 ; 1.000
[1, 2, 3, 4, 5] ; 5 ; 0.000 ; 5.000 ; 5.000 ; 0.000 ; 0.000
Cooperation Complex for Metric CooperationMetric[CoopNetAnalysis$AverageDistanceSubsetMetric@1cf8583] and graph 0 1 1 0 0 
1 0 1 0 0 
1 1 0 0 0 
0 0 0 0 1 
0 0 0 1 0 

Subset ; Subset Size ; Altruism ; Selfish ; All Participate/Assess ; All Participate/Partial Assess ; Partial Participate/Assess
[] ; 0 ; 0.000 ; 0.000 ; -0.200 ; -0.200 ; -0.200
[1] ; 1 ; 0.000 ; 0.133 ; -0.200 ; -0.333 ; -0.333
[2] ; 1 ; 0.000 ; 0.133 ; -0.200 ; -0.333 ; -0.333
[3] ; 1 ; 0.000 ; 0.133 ; -0.200 ; -0.333 ; -0.333
[4] ; 1 ; 0.000 ; -0.200 ; -0.200 ; 0.000 ; 0.000
[5] ; 1 ; 0.000 ; -0.200 ; -0.200 ; 0.000 ; 0.000
[1, 2] ; 2 ; 0.000 ; 0.133 ; -0.200 ; -0.333 ; -0.333
[1, 3] ; 2 ; 0.000 ; 0.133 ; -0.200 ; -0.333 ; -0.333
[1, 4] ; 2 ; 0.000 ; 0.133 ; -0.200 ; -0.333 ; -0.333
[1, 5] ; 2 ; 0.000 ; 0.133 ; -0.200 ; -0.333 ; -0.333
[2, 3] ; 2 ; 0.000 ; 0.133 ; -0.200 ; -0.333 ; -0.333
[2, 4] ; 2 ; 0.000 ; 0.133 ; -0.200 ; -0.333 ; -0.333
[2, 5] ; 2 ; 0.000 ; 0.133 ; -0.200 ; -0.333 ; -0.333
[3, 4] ; 2 ; 0.000 ; 0.133 ; -0.200 ; -0.333 ; -0.333
[3, 5] ; 2 ; 0.000 ; 0.133 ; -0.200 ; -0.333 ; -0.333
[4, 5] ; 2 ; 0.000 ; -1.200 ; -0.200 ; 1.000 ; 1.000
[1, 2, 3] ; 3 ; 0.000 ; -1.200 ; -0.200 ; 1.000 ; 1.000
[1, 2, 4] ; 3 ; 0.000 ; 0.800 ; -0.200 ; -1.000 ; -1.000
[1, 2, 5] ; 3 ; 0.000 ; 0.800 ; -0.200 ; -1.000 ; -1.000
[1, 3, 4] ; 3 ; 0.000 ; 0.800 ; -0.200 ; -1.000 ; -1.000
[1, 3, 5] ; 3 ; 0.000 ; 0.800 ; -0.200 ; -1.000 ; -1.000
[1, 4, 5] ; 3 ; 0.000 ; -1.200 ; -0.200 ; 1.000 ; 1.000
[2, 3, 4] ; 3 ; 0.000 ; 0.800 ; -0.200 ; -1.000 ; -1.000
[2, 3, 5] ; 3 ; 0.000 ; 0.800 ; -0.200 ; -1.000 ; -1.000
[2, 4, 5] ; 3 ; 0.000 ; -1.200 ; -0.200 ; 1.000 ; 1.000
[3, 4, 5] ; 3 ; 0.000 ; -1.200 ; -0.200 ; 1.000 ; 1.000
[1, 2, 3, 4] ; 4 ; NaN ; NaN ; -0.200 ; NaN ; NaN
[1, 2, 3, 5] ; 4 ; NaN ; NaN ; -0.200 ; NaN ; NaN
[1, 2, 4, 5] ; 4 ; NaN ; NaN ; -0.200 ; NaN ; NaN
[1, 3, 4, 5] ; 4 ; NaN ; NaN ; -0.200 ; NaN ; NaN
[2, 3, 4, 5] ; 4 ; NaN ; NaN ; -0.200 ; NaN ; NaN
[1, 2, 3, 4, 5] ; 5 ; 0.000 ; -0.200 ; -0.200 ; 0.000 ; 0.000
Cooperation Complex for Metric CooperationMetric[CoopNetAnalysis$InverseDistanceSubsetMetric@3a6727] and graph 0 1 1 0 0 
1 0 1 0 0 
1 1 0 0 0 
0 0 0 0 1 
0 0 0 1 0 

Subset ; Subset Size ; Altruism ; Selfish ; All Participate/Assess ; All Participate/Partial Assess ; Partial Participate/Assess
[] ; 0 ; 0.000 ; 0.000 ; 4.000 ; 4.000 ; 4.000
[1] ; 1 ; 0.000 ; 2.000 ; 4.000 ; 2.000 ; 2.000
[2] ; 1 ; 0.000 ; 2.000 ; 4.000 ; 2.000 ; 2.000
[3] ; 1 ; 0.000 ; 2.000 ; 4.000 ; 2.000 ; 2.000
[4] ; 1 ; 0.000 ; 1.000 ; 4.000 ; 3.000 ; 3.000
[5] ; 1 ; 0.000 ; 1.000 ; 4.000 ; 3.000 ; 3.000
[1, 2] ; 2 ; 0.000 ; 3.000 ; 4.000 ; 1.000 ; 1.000
[1, 3] ; 2 ; 0.000 ; 3.000 ; 4.000 ; 1.000 ; 1.000
[1, 4] ; 2 ; 0.000 ; 3.000 ; 4.000 ; 1.000 ; 1.000
[1, 5] ; 2 ; 0.000 ; 3.000 ; 4.000 ; 1.000 ; 1.000
[2, 3] ; 2 ; 0.000 ; 3.000 ; 4.000 ; 1.000 ; 1.000
[2, 4] ; 2 ; 0.000 ; 3.000 ; 4.000 ; 1.000 ; 1.000
[2, 5] ; 2 ; 0.000 ; 3.000 ; 4.000 ; 1.000 ; 1.000
[3, 4] ; 2 ; 0.000 ; 3.000 ; 4.000 ; 1.000 ; 1.000
[3, 5] ; 2 ; 0.000 ; 3.000 ; 4.000 ; 1.000 ; 1.000
[4, 5] ; 2 ; 0.000 ; 1.000 ; 4.000 ; 3.000 ; 3.000
[1, 2, 3] ; 3 ; 0.000 ; 3.000 ; 4.000 ; 1.000 ; 1.000
[1, 2, 4] ; 3 ; 0.000 ; 4.000 ; 4.000 ; 0.000 ; 0.000
[1, 2, 5] ; 3 ; 0.000 ; 4.000 ; 4.000 ; 0.000 ; 0.000
[1, 3, 4] ; 3 ; 0.000 ; 4.000 ; 4.000 ; 0.000 ; 0.000
[1, 3, 5] ; 3 ; 0.000 ; 4.000 ; 4.000 ; 0.000 ; 0.000
[1, 4, 5] ; 3 ; 0.000 ; 3.000 ; 4.000 ; 1.000 ; 1.000
[2, 3, 4] ; 3 ; 0.000 ; 4.000 ; 4.000 ; 0.000 ; 0.000
[2, 3, 5] ; 3 ; 0.000 ; 4.000 ; 4.000 ; 0.000 ; 0.000
[2, 4, 5] ; 3 ; 0.000 ; 3.000 ; 4.000 ; 1.000 ; 1.000
[3, 4, 5] ; 3 ; 0.000 ; 3.000 ; 4.000 ; 1.000 ; 1.000
[1, 2, 3, 4] ; 4 ; 0.000 ; 4.000 ; 4.000 ; 0.000 ; 0.000
[1, 2, 3, 5] ; 4 ; 0.000 ; 4.000 ; 4.000 ; 0.000 ; 0.000
[1, 2, 4, 5] ; 4 ; 0.000 ; 4.000 ; 4.000 ; 0.000 ; 0.000
[1, 3, 4, 5] ; 4 ; 0.000 ; 4.000 ; 4.000 ; 0.000 ; 0.000
[2, 3, 4, 5] ; 4 ; 0.000 ; 4.000 ; 4.000 ; 0.000 ; 0.000
[1, 2, 3, 4, 5] ; 5 ; 0.000 ; 4.000 ; 4.000 ; 0.000 ; 0.000
Cooperation Complex for Metric CooperationMetric[CoopNetAnalysis$ComponentSizeSubsetMetric@52fe85] and graph 0 1 1 0 0 
1 0 1 0 0 
1 1 0 0 0 
0 0 0 0 1 
0 0 0 1 0 

Subset ; Subset Size ; Altruism ; Selfish ; All Participate/Assess ; All Participate/Partial Assess ; Partial Participate/Assess
[] ; 0 ; 0.000 ; 0.000 ; 3.000 ; 3.000 ; 3.000
[1] ; 1 ; 1.000 ; 0.000 ; 3.000 ; 3.000 ; 2.000
[2] ; 1 ; 1.000 ; 0.000 ; 3.000 ; 3.000 ; 2.000
[3] ; 1 ; 1.000 ; 0.000 ; 3.000 ; 3.000 ; 2.000
[4] ; 1 ; 0.000 ; 0.000 ; 3.000 ; 3.000 ; 3.000
[5] ; 1 ; 0.000 ; 0.000 ; 3.000 ; 3.000 ; 3.000
[1, 2] ; 2 ; 1.000 ; 0.000 ; 3.000 ; 3.000 ; 2.000
[1, 3] ; 2 ; 1.000 ; 0.000 ; 3.000 ; 3.000 ; 2.000
[1, 4] ; 2 ; 1.000 ; 0.000 ; 3.000 ; 3.000 ; 2.000
[1, 5] ; 2 ; 1.000 ; 0.000 ; 3.000 ; 3.000 ; 2.000
[2, 3] ; 2 ; 1.000 ; 0.000 ; 3.000 ; 3.000 ; 2.000
[2, 4] ; 2 ; 1.000 ; 0.000 ; 3.000 ; 3.000 ; 2.000
[2, 5] ; 2 ; 1.000 ; 0.000 ; 3.000 ; 3.000 ; 2.000
[3, 4] ; 2 ; 1.000 ; 0.000 ; 3.000 ; 3.000 ; 2.000
[3, 5] ; 2 ; 1.000 ; 0.000 ; 3.000 ; 3.000 ; 2.000
[4, 5] ; 2 ; 0.000 ; 0.000 ; 3.000 ; 3.000 ; 3.000
[1, 2, 3] ; 3 ; 0.000 ; 1.000 ; 3.000 ; 2.000 ; 2.000
[1, 2, 4] ; 3 ; 2.000 ; 0.000 ; 3.000 ; 3.000 ; 1.000
[1, 2, 5] ; 3 ; 2.000 ; 0.000 ; 3.000 ; 3.000 ; 1.000
[1, 3, 4] ; 3 ; 2.000 ; 0.000 ; 3.000 ; 3.000 ; 1.000
[1, 3, 5] ; 3 ; 2.000 ; 0.000 ; 3.000 ; 3.000 ; 1.000
[1, 4, 5] ; 3 ; 1.000 ; 0.000 ; 3.000 ; 3.000 ; 2.000
[2, 3, 4] ; 3 ; 2.000 ; 0.000 ; 3.000 ; 3.000 ; 1.000
[2, 3, 5] ; 3 ; 2.000 ; 0.000 ; 3.000 ; 3.000 ; 1.000
[2, 4, 5] ; 3 ; 1.000 ; 0.000 ; 3.000 ; 3.000 ; 2.000
[3, 4, 5] ; 3 ; 1.000 ; 0.000 ; 3.000 ; 3.000 ; 2.000
[1, 2, 3, 4] ; 4 ; 1.000 ; 1.000 ; 3.000 ; 2.000 ; 1.000
[1, 2, 3, 5] ; 4 ; 1.000 ; 1.000 ; 3.000 ; 2.000 ; 1.000
[1, 2, 4, 5] ; 4 ; 2.000 ; 0.000 ; 3.000 ; 3.000 ; 1.000
[1, 3, 4, 5] ; 4 ; 2.000 ; 0.000 ; 3.000 ; 3.000 ; 1.000
[2, 3, 4, 5] ; 4 ; 2.000 ; 0.000 ; 3.000 ; 3.000 ; 1.000
[1, 2, 3, 4, 5] ; 5 ; 0.000 ; 3.000 ; 3.000 ; 0.000 ; 0.000
